This file contains any messages produced by compilers while
running configure, to aid debugging if configure makes a mistake.

It was created by ytnef configure 2.6, which was
generated by GNU Autoconf 2.69.  Invocation command line was

  $ ./configure 

## --------- ##
## Platform. ##
## --------- ##

hostname = vagrantmailer
uname -m = x86_64
uname -r = 3.2.0-4-amd64
uname -s = Linux
uname -v = #1 SMP Debian 3.2.46-1

/usr/bin/uname -p = unknown
/bin/uname -X     = unknown

/bin/arch              = unknown
/usr/bin/arch -k       = unknown
/usr/convex/getsysinfo = unknown
/usr/bin/hostinfo      = unknown
/bin/machine           = unknown
/usr/bin/oslevel       = unknown
/bin/universe          = unknown

PATH: /usr/local/sbin
PATH: /usr/local/bin
PATH: /usr/sbin
PATH: /usr/bin
PATH: /sbin
PATH: /bin


## ----------- ##
## Core tests. ##
## ----------- ##

configure:2166: checking for a BSD-compatible install
configure:2234: result: /usr/bin/install -c
configure:2245: checking whether build environment is sane
configure:2282: result: yes
configure:2312: checking for gawk
configure:2342: result: no
configure:2312: checking for mawk
configure:2328: found /usr/bin/mawk
configure:2339: result: mawk
configure:2350: checking whether make sets $(MAKE)
configure:2372: result: yes
configure:2595: checking for gcc
configure:2611: found /usr/bin/gcc
configure:2622: result: gcc
configure:2851: checking for C compiler version
configure:2860: gcc --version >&5
gcc (Debian 4.7.2-5) 4.7.2
Copyright (C) 2012 Free Software Foundation, Inc.
This is free software; see the source for copying conditions.  There is NO
warranty; not even for MERCHANTABILITY or FITNESS FOR A PARTICULAR PURPOSE.

configure:2871: $? = 0
configure:2860: gcc -v >&5
Using built-in specs.
COLLECT_GCC=gcc
COLLECT_LTO_WRAPPER=/usr/lib/gcc/x86_64-linux-gnu/4.7/lto-wrapper
Target: x86_64-linux-gnu
Configured with: ../src/configure -v --with-pkgversion='Debian 4.7.2-5' --with-bugurl=file:///usr/share/doc/gcc-4.7/README.Bugs --enable-languages=c,c++,go,fortran,objc,obj-c++ --prefix=/usr --program-suffix=-4.7 --enable-shared --enable-linker-build-id --with-system-zlib --libexecdir=/usr/lib --without-included-gettext --enable-threads=posix --with-gxx-include-dir=/usr/include/c++/4.7 --libdir=/usr/lib --enable-nls --with-sysroot=/ --enable-clocale=gnu --enable-libstdcxx-debug --enable-libstdcxx-time=yes --enable-gnu-unique-object --enable-plugin --enable-objc-gc --with-arch-32=i586 --with-tune=generic --enable-checking=release --build=x86_64-linux-gnu --host=x86_64-linux-gnu --target=x86_64-linux-gnu
Thread model: posix
gcc version 4.7.2 (Debian 4.7.2-5) 
configure:2871: $? = 0
configure:2860: gcc -V >&5
gcc: error: unrecognized command line option '-V'
gcc: fatal error: no input files
compilation terminated.
configure:2871: $? = 4
configure:2860: gcc -qversion >&5
gcc: error: unrecognized command line option '-qversion'
gcc: fatal error: no input files
compilation terminated.
configure:2871: $? = 4
configure:2891: checking whether the C compiler works
configure:2913: gcc    conftest.c  >&5
configure:2917: $? = 0
configure:2965: result: yes
configure:2968: checking for C compiler default output file name
configure:2970: result: a.out
configure:2976: checking for suffix of executables
configure:2983: gcc -o conftest    conftest.c  >&5
configure:2987: $? = 0
configure:3009: result: 
configure:3031: checking whether we are cross compiling
configure:3039: gcc -o conftest    conftest.c  >&5
configure:3043: $? = 0
configure:3050: ./conftest
configure:3054: $? = 0
configure:3069: result: no
configure:3074: checking for suffix of object files
configure:3096: gcc -c   conftest.c >&5
configure:3100: $? = 0
configure:3121: result: o
configure:3125: checking whether we are using the GNU C compiler
configure:3144: gcc -c   conftest.c >&5
configure:3144: $? = 0
configure:3153: result: yes
configure:3162: checking whether gcc accepts -g
configure:3182: gcc -c -g  conftest.c >&5
configure:3182: $? = 0
configure:3223: result: yes
configure:3240: checking for gcc option to accept ISO C89
configure:3303: gcc  -c -g -O2  conftest.c >&5
configure:3303: $? = 0
configure:3316: result: none needed
configure:3355: checking for style of include used by make
configure:3383: result: GNU
configure:3411: checking dependency style of gcc
configure:3473: result: gcc3
configure:3488: checking how to run the C preprocessor
configure:3519: gcc -E  conftest.c
configure:3519: $? = 0
configure:3533: gcc -E  conftest.c
conftest.c:11:28: fatal error: ac_nonexistent.h: No such file or directory
compilation terminated.
configure:3533: $? = 1
configure: failed program was:
| /* confdefs.h */
| #define PACKAGE_NAME "ytnef"
| #define PACKAGE_TARNAME "ytnef"
| #define PACKAGE_VERSION "2.6"
| #define PACKAGE_STRING "ytnef 2.6"
| #define PACKAGE_BUGREPORT "yerase@yeraze.com"
| #define PACKAGE_URL ""
| #define PACKAGE "ytnef"
| #define VERSION "2.6"
| /* end confdefs.h.  */
| #include <ac_nonexistent.h>
configure:3558: result: gcc -E
configure:3578: gcc -E  conftest.c
configure:3578: $? = 0
configure:3592: gcc -E  conftest.c
conftest.c:11:28: fatal error: ac_nonexistent.h: No such file or directory
compilation terminated.
configure:3592: $? = 1
configure: failed program was:
| /* confdefs.h */
| #define PACKAGE_NAME "ytnef"
| #define PACKAGE_TARNAME "ytnef"
| #define PACKAGE_VERSION "2.6"
| #define PACKAGE_STRING "ytnef 2.6"
| #define PACKAGE_BUGREPORT "yerase@yeraze.com"
| #define PACKAGE_URL ""
| #define PACKAGE "ytnef"
| #define VERSION "2.6"
| /* end confdefs.h.  */
| #include <ac_nonexistent.h>
configure:3621: checking for grep that handles long lines and -e
configure:3679: result: /bin/grep
configure:3684: checking for egrep
configure:3746: result: /bin/grep -E
configure:3751: checking for ANSI C header files
configure:3771: gcc -c -g -O2  conftest.c >&5
configure:3771: $? = 0
configure:3844: gcc -o conftest -g -O2   conftest.c  >&5
configure:3844: $? = 0
configure:3844: ./conftest
configure:3844: $? = 0
configure:3855: result: yes
configure:3868: checking for sys/types.h
configure:3868: gcc -c -g -O2  conftest.c >&5
configure:3868: $? = 0
configure:3868: result: yes
configure:3868: checking for sys/stat.h
configure:3868: gcc -c -g -O2  conftest.c >&5
configure:3868: $? = 0
configure:3868: result: yes
configure:3868: checking for stdlib.h
configure:3868: gcc -c -g -O2  conftest.c >&5
configure:3868: $? = 0
configure:3868: result: yes
configure:3868: checking for string.h
configure:3868: gcc -c -g -O2  conftest.c >&5
configure:3868: $? = 0
configure:3868: result: yes
configure:3868: checking for memory.h
configure:3868: gcc -c -g -O2  conftest.c >&5
configure:3868: $? = 0
configure:3868: result: yes
configure:3868: checking for strings.h
configure:3868: gcc -c -g -O2  conftest.c >&5
configure:3868: $? = 0
configure:3868: result: yes
configure:3868: checking for inttypes.h
configure:3868: gcc -c -g -O2  conftest.c >&5
configure:3868: $? = 0
configure:3868: result: yes
configure:3868: checking for stdint.h
configure:3868: gcc -c -g -O2  conftest.c >&5
configure:3868: $? = 0
configure:3868: result: yes
configure:3868: checking for unistd.h
configure:3868: gcc -c -g -O2  conftest.c >&5
configure:3868: $? = 0
configure:3868: result: yes
configure:3883: checking for stdlib.h
configure:3883: result: yes
configure:3883: checking for string.h
configure:3883: result: yes
configure:3895: checking whether byte ordering is bigendian
configure:3910: gcc -c -g -O2  conftest.c >&5
conftest.c:24:9: error: unknown type name 'not'
conftest.c:24:15: error: expected '=', ',', ';', 'asm' or '__attribute__' before 'universal'
conftest.c:24:15: error: unknown type name 'universal'
configure:3910: $? = 1
configure: failed program was:
| /* confdefs.h */
| #define PACKAGE_NAME "ytnef"
| #define PACKAGE_TARNAME "ytnef"
| #define PACKAGE_VERSION "2.6"
| #define PACKAGE_STRING "ytnef 2.6"
| #define PACKAGE_BUGREPORT "yerase@yeraze.com"
| #define PACKAGE_URL ""
| #define PACKAGE "ytnef"
| #define VERSION "2.6"
| #define STDC_HEADERS 1
| #define HAVE_SYS_TYPES_H 1
| #define HAVE_SYS_STAT_H 1
| #define HAVE_STDLIB_H 1
| #define HAVE_STRING_H 1
| #define HAVE_MEMORY_H 1
| #define HAVE_STRINGS_H 1
| #define HAVE_INTTYPES_H 1
| #define HAVE_STDINT_H 1
| #define HAVE_UNISTD_H 1
| #define HAVE_STDLIB_H 1
| #define HAVE_STRING_H 1
| /* end confdefs.h.  */
| #ifndef __APPLE_CC__
| 	       not a universal capable compiler
| 	     #endif
| 	     typedef int dummy;
| 
configure:3955: gcc -c -g -O2  conftest.c >&5
configure:3955: $? = 0
configure:3973: gcc -c -g -O2  conftest.c >&5
conftest.c: In function 'main':
conftest.c:30:4: error: unknown type name 'not'
conftest.c:30:12: error: expected '=', ',', ';', 'asm' or '__attribute__' before 'endian'
configure:3973: $? = 1
configure: failed program was:
| /* confdefs.h */
| #define PACKAGE_NAME "ytnef"
| #define PACKAGE_TARNAME "ytnef"
| #define PACKAGE_VERSION "2.6"
| #define PACKAGE_STRING "ytnef 2.6"
| #define PACKAGE_BUGREPORT "yerase@yeraze.com"
| #define PACKAGE_URL ""
| #define PACKAGE "ytnef"
| #define VERSION "2.6"
| #define STDC_HEADERS 1
| #define HAVE_SYS_TYPES_H 1
| #define HAVE_SYS_STAT_H 1
| #define HAVE_STDLIB_H 1
| #define HAVE_STRING_H 1
| #define HAVE_MEMORY_H 1
| #define HAVE_STRINGS_H 1
| #define HAVE_INTTYPES_H 1
| #define HAVE_STDINT_H 1
| #define HAVE_UNISTD_H 1
| #define HAVE_STDLIB_H 1
| #define HAVE_STRING_H 1
| /* end confdefs.h.  */
| #include <sys/types.h>
| 		#include <sys/param.h>
| 
| int
| main ()
| {
| #if BYTE_ORDER != BIG_ENDIAN
| 		 not big endian
| 		#endif
| 
|   ;
|   return 0;
| }
configure:4101: result: no
configure:4123: checking for stdlib.h
configure:4123: result: yes
configure:4133: checking for GNU libc compatible malloc
configure:4157: gcc -o conftest -g -O2   conftest.c  >&5
configure:4157: $? = 0
configure:4157: ./conftest
configure:4157: $? = 0
configure:4167: result: yes
configure:4191: checking for memset
configure:4191: gcc -o conftest -g -O2   conftest.c  >&5
conftest.c:48:6: warning: conflicting types for built-in function 'memset' [enabled by default]
configure:4191: $? = 0
configure:4191: result: yes
configure:4191: checking for strstr
configure:4191: gcc -o conftest -g -O2   conftest.c  >&5
conftest.c:49:6: warning: conflicting types for built-in function 'strstr' [enabled by default]
configure:4191: $? = 0
configure:4191: result: yes
configure:4322: creating ./config.status

## ---------------------- ##
## Running config.status. ##
## ---------------------- ##

This file was extended by ytnef config.status 2.6, which was
generated by GNU Autoconf 2.69.  Invocation command line was

  CONFIG_FILES    = 
  CONFIG_HEADERS  = 
  CONFIG_LINKS    = 
  CONFIG_COMMANDS = 
  $ ./config.status 

on vagrantmailer

config.status:844: creating Makefile
config.status:947: WARNING:  'Makefile.in' seems to ignore the --datarootdir setting
config.status:844: creating src/Makefile
config.status:947: WARNING:  'src/Makefile.in' seems to ignore the --datarootdir setting
config.status:844: creating src/ytnef/Makefile
config.status:947: WARNING:  'src/ytnef/Makefile.in' seems to ignore the --datarootdir setting
config.status:844: creating src/ytnefprint/Makefile
config.status:947: WARNING:  'src/ytnefprint/Makefile.in' seems to ignore the --datarootdir setting
config.status:844: creating config.h
config.status:1019: config.h is unchanged
config.status:1033: executing depfiles commands
configure:5717: creating ./config.status

## ---------------------- ##
## Running config.status. ##
## ---------------------- ##

This file was extended by ytnef config.status 2.6, which was
generated by GNU Autoconf 2.69.  Invocation command line was

  CONFIG_FILES    = 
  CONFIG_HEADERS  = 
  CONFIG_LINKS    = 
  CONFIG_COMMANDS = 
  $ ./config.status 

on vagrantmailer

config.status:845: creating Makefile
config.status:948: WARNING:  'Makefile.in' seems to ignore the --datarootdir setting
config.status:845: creating src/Makefile
config.status:948: WARNING:  'src/Makefile.in' seems to ignore the --datarootdir setting
config.status:845: creating src/ytnef/Makefile
config.status:948: WARNING:  'src/ytnef/Makefile.in' seems to ignore the --datarootdir setting
config.status:845: creating src/ytnefprint/Makefile
config.status:948: WARNING:  'src/ytnefprint/Makefile.in' seems to ignore the --datarootdir setting
config.status:845: creating ytnef.spec
config.status:845: creating config.h
config.status:1020: config.h is unchanged
config.status:1034: executing depfiles commands

## ---------------- ##
## Cache variables. ##
## ---------------- ##

ac_cv_c_bigendian=no
ac_cv_c_compiler_gnu=yes
ac_cv_env_CC_set=
ac_cv_env_CC_value=
ac_cv_env_CFLAGS_set=
ac_cv_env_CFLAGS_value=
ac_cv_env_CPPFLAGS_set=
ac_cv_env_CPPFLAGS_value=
ac_cv_env_CPP_set=
ac_cv_env_CPP_value=
ac_cv_env_LDFLAGS_set=
ac_cv_env_LDFLAGS_value=
ac_cv_env_LIBS_set=
ac_cv_env_LIBS_value=
ac_cv_env_build_alias_set=
ac_cv_env_build_alias_value=
ac_cv_env_host_alias_set=
ac_cv_env_host_alias_value=
ac_cv_env_target_alias_set=
ac_cv_env_target_alias_value=
ac_cv_func_malloc_0_nonnull=yes
ac_cv_func_memset=yes
ac_cv_func_strstr=yes
ac_cv_header_inttypes_h=yes
ac_cv_header_memory_h=yes
ac_cv_header_stdc=yes
ac_cv_header_stdint_h=yes
ac_cv_header_stdlib_h=yes
ac_cv_header_string_h=yes
ac_cv_header_strings_h=yes
ac_cv_header_sys_stat_h=yes
ac_cv_header_sys_types_h=yes
ac_cv_header_unistd_h=yes
ac_cv_objext=o
ac_cv_path_EGREP='/bin/grep -E'
ac_cv_path_GREP=/bin/grep
ac_cv_path_install='/usr/bin/install -c'
ac_cv_prog_AWK=mawk
ac_cv_prog_CPP='gcc -E'
ac_cv_prog_ac_ct_CC=gcc
ac_cv_prog_cc_c89=
ac_cv_prog_cc_g=yes
ac_cv_prog_make_make_set=yes
am_cv_CC_dependencies_compiler_type=gcc3

## ----------------- ##
## Output variables. ##
## ----------------- ##

ACLOCAL='${SHELL} /vagrant/ytnef-2.6.1/missing --run aclocal-1.6'
AMDEPBACKSLASH='\'
AMDEP_FALSE='#'
AMDEP_TRUE=''
AMTAR='${SHELL} /vagrant/ytnef-2.6.1/missing --run tar'
AUTOCONF='${SHELL} /vagrant/ytnef-2.6.1/missing --run autoconf'
AUTOHEADER='${SHELL} /vagrant/ytnef-2.6.1/missing --run autoheader'
AUTOMAKE='${SHELL} /vagrant/ytnef-2.6.1/missing --run automake-1.6'
AWK='mawk'
CC='gcc'
CCDEPMODE='depmode=gcc3'
CFLAGS='-g -O2'
CPP='gcc -E'
CPPFLAGS=''
DEFS='-DHAVE_CONFIG_H'
DEPDIR='.deps'
ECHO_C=''
ECHO_N='-n'
ECHO_T=''
EGREP='/bin/grep -E'
EXEEXT=''
GREP='/bin/grep'
INSTALL_DATA='${INSTALL} -m 644'
INSTALL_PROGRAM='${INSTALL}'
INSTALL_SCRIPT='${INSTALL}'
INSTALL_STRIP_PROGRAM='${SHELL} $(install_sh) -c -s'
LDFLAGS=''
LIBOBJS=''
LIBS=''
LTLIBOBJS=''
MAKEINFO='${SHELL} /vagrant/ytnef-2.6.1/missing --run makeinfo'
OBJEXT='o'
PACKAGE='ytnef'
PACKAGE_BUGREPORT='yerase@yeraze.com'
PACKAGE_NAME='ytnef'
PACKAGE_STRING='ytnef 2.6'
PACKAGE_TARNAME='ytnef'
PACKAGE_URL=''
PACKAGE_VERSION='2.6'
PATH_SEPARATOR=':'
SET_MAKE=''
SHELL='/bin/bash'
STRIP=''
VERSION='2.6'
ac_ct_CC='gcc'
am__include='include'
am__quote=''
bindir='${exec_prefix}/bin'
build_alias=''
datadir='${datarootdir}'
datarootdir='${prefix}/share'
docdir='${datarootdir}/doc/${PACKAGE_TARNAME}'
dvidir='${docdir}'
exec_prefix='${prefix}'
host_alias=''
htmldir='${docdir}'
includedir='${prefix}/include'
infodir='${datarootdir}/info'
install_sh='/vagrant/ytnef-2.6.1/install-sh'
libdir='${exec_prefix}/lib'
libexecdir='${exec_prefix}/libexec'
localedir='${datarootdir}/locale'
localstatedir='${prefix}/var'
mandir='${datarootdir}/man'
oldincludedir='/usr/include'
pdfdir='${docdir}'
prefix='/usr/local'
program_transform_name='s,x,x,'
psdir='${docdir}'
sbindir='${exec_prefix}/sbin'
sharedstatedir='${prefix}/com'
sysconfdir='${prefix}/etc'
target_alias=''

## ----------- ##
## confdefs.h. ##
## ----------- ##

/* confdefs.h */
#define PACKAGE_NAME "ytnef"
#define PACKAGE_TARNAME "ytnef"
#define PACKAGE_VERSION "2.6"
#define PACKAGE_STRING "ytnef 2.6"
#define PACKAGE_BUGREPORT "yerase@yeraze.com"
#define PACKAGE_URL ""
#define PACKAGE "ytnef"
#define VERSION "2.6"
#define STDC_HEADERS 1
#define HAVE_SYS_TYPES_H 1
#define HAVE_SYS_STAT_H 1
#define HAVE_STDLIB_H 1
#define HAVE_STRING_H 1
#define HAVE_MEMORY_H 1
#define HAVE_STRINGS_H 1
#define HAVE_INTTYPES_H 1
#define HAVE_STDINT_H 1
#define HAVE_UNISTD_H 1
#define HAVE_STDLIB_H 1
#define HAVE_STRING_H 1
#define HAVE_STDLIB_H 1
#define HAVE_MALLOC 1
#define HAVE_MEMSET 1
#define HAVE_STRSTR 1

configure: exit 0

## ---------------------- ##
## Running config.status. ##
## ---------------------- ##

This file was extended by ytnef config.status 2.6, which was
generated by GNU Autoconf 2.69.  Invocation command line was

  CONFIG_FILES    = 
  CONFIG_HEADERS  = 
  CONFIG_LINKS    = 
  CONFIG_COMMANDS = 
  $ ./config.status config.h

on vagrantmailer

config.status:845: creating config.h
config.status:1020: config.h is unchanged

## ---------------------- ##
## Running config.status. ##
## ---------------------- ##

This file was extended by ytnef config.status 2.6, which was
generated by GNU Autoconf 2.69.  Invocation command line was

  CONFIG_FILES    = 
  CONFIG_HEADERS  = 
  CONFIG_LINKS    = 
  CONFIG_COMMANDS = 
  $ ./config.status config.h

on vagrantmailer

config.status:845: creating config.h
config.status:1020: config.h is unchanged

## ---------------------- ##
## Running config.status. ##
## ---------------------- ##

This file was extended by ytnef config.status 2.6, which was
generated by GNU Autoconf 2.69.  Invocation command line was

  CONFIG_FILES    = 
  CONFIG_HEADERS  = 
  CONFIG_LINKS    = 
  CONFIG_COMMANDS = 
  $ ./config.status config.h

on vagrantmailer

config.status:845: creating config.h
config.status:1020: config.h is unchanged

## ---------------------- ##
## Running config.status. ##
## ---------------------- ##

This file was extended by ytnef config.status 2.6, which was
generated by GNU Autoconf 2.69.  Invocation command line was

  CONFIG_FILES    = 
  CONFIG_HEADERS  = 
  CONFIG_LINKS    = 
  CONFIG_COMMANDS = 
  $ ./config.status config.h

on vagrantmailer

config.status:845: creating config.h
config.status:1020: config.h is unchanged

## ---------------------- ##
## Running config.status. ##
## ---------------------- ##

This file was extended by ytnef config.status 2.6, which was
generated by GNU Autoconf 2.69.  Invocation command line was

  CONFIG_FILES    = 
  CONFIG_HEADERS  = 
  CONFIG_LINKS    = 
  CONFIG_COMMANDS = 
  $ ./config.status config.h

on vagrantmailer

config.status:845: creating config.h
config.status:1020: config.h is unchanged

## ---------------------- ##
## Running config.status. ##
## ---------------------- ##

This file was extended by ytnef config.status 2.6, which was
generated by GNU Autoconf 2.69.  Invocation command line was

  CONFIG_FILES    = 
  CONFIG_HEADERS  = 
  CONFIG_LINKS    = 
  CONFIG_COMMANDS = 
  $ ./config.status config.h

on vagrantmailer

config.status:845: creating config.h
config.status:1020: config.h is unchanged
